\BOOKMARK [0][-]{Doc-Start}{\376\377\000T\000i\000t\000l\000e\000\040\000P\000a\000g\000e}{}% 1
\BOOKMARK [0][-]{chapter.1}{\376\377\000I\000n\000t\000r\000o\000d\000u\000c\000t\000i\000o\000n}{}% 2
\BOOKMARK [1][-]{section.1.1}{\376\377\000B\000a\000c\000k\000g\000r\000o\000u\000n\000d}{chapter.1}% 3
\BOOKMARK [1][-]{section.1.2}{\376\377\000R\000a\000t\000i\000o\000n\000a\000l\000e\000\040\000o\000f\000\040\000t\000h\000e\000\040\000S\000t\000u\000d\000y}{chapter.1}% 4
\BOOKMARK [1][-]{section.1.3}{\376\377\000O\000b\000j\000e\000c\000t\000i\000v\000e\000s}{chapter.1}% 5
\BOOKMARK [1][-]{section.1.4}{\376\377\000S\000i\000g\000n\000i\000f\000i\000c\000a\000n\000c\000e\000\040\000o\000f\000\040\000t\000h\000e\000\040\000S\000t\000u\000d\000y}{chapter.1}% 6
\BOOKMARK [1][-]{section.1.5}{\376\377\000S\000c\000o\000p\000e\000\040\000o\000f\000\040\000t\000h\000e\000\040\000S\000t\000u\000d\000y}{chapter.1}% 7
\BOOKMARK [1][-]{section.1.6}{\376\377\000T\000h\000e\000s\000i\000s\000\040\000O\000r\000g\000a\000n\000i\000z\000a\000t\000i\000o\000n}{chapter.1}% 8
\BOOKMARK [0][-]{chapter.2}{\376\377\000L\000i\000t\000e\000r\000a\000t\000u\000r\000e\000\040\000R\000e\000v\000i\000e\000w}{}% 9
\BOOKMARK [0][-]{chapter.3}{\376\377\000B\000a\000c\000k\000g\000r\000o\000u\000n\000d\000\040\000o\000n\000\040\000P\000r\000o\000b\000a\000b\000i\000l\000i\000t\000y\000\040\000a\000n\000d\000\040\000S\000t\000a\000t\000i\000s\000t\000i\000c\000s}{}% 10
\BOOKMARK [1][-]{section.3.1}{\376\377\000D\000e\000s\000c\000r\000i\000p\000t\000i\000v\000e\000\040\000S\000t\000a\000t\000i\000s\000t\000i\000c\000s}{chapter.3}% 11
\BOOKMARK [1][-]{section.3.2}{\376\377\000P\000r\000o\000b\000a\000b\000i\000l\000i\000t\000y\000\040\000T\000h\000e\000o\000r\000y}{chapter.3}% 12
\BOOKMARK [1][-]{section.3.3}{\376\377\000S\000t\000a\000t\000i\000s\000t\000i\000c\000a\000l\000\040\000G\000r\000a\000p\000h\000s}{chapter.3}% 13
\BOOKMARK [2][-]{subsection.3.3.1}{\376\377\000B\000o\000x\000,\000\040\000D\000e\000n\000s\000i\000t\000y\000,\000\040\000a\000n\000d\000\040\000H\000i\000s\000t\000o\000g\000r\000a\000m\000\040\000P\000l\000o\000t\000s}{section.3.3}% 14
\BOOKMARK [1][-]{section.3.4}{\376\377\000P\000o\000p\000u\000l\000a\000t\000i\000o\000n\000\040\000a\000n\000d\000\040\000S\000a\000m\000p\000l\000e}{chapter.3}% 15
\BOOKMARK [1][-]{section.3.5}{\376\377\000P\000r\000o\000b\000a\000b\000i\000l\000i\000t\000y\000\040\000D\000i\000s\000t\000r\000i\000b\000u\000t\000i\000o\000n\000s}{chapter.3}% 16
\BOOKMARK [1][-]{section.3.6}{\376\377\000H\000y\000p\000o\000t\000h\000e\000s\000i\000s\000\040\000T\000e\000s\000t\000i\000n\000g}{chapter.3}% 17
\BOOKMARK [1][-]{section.3.7}{\376\377\000S\000t\000a\000t\000i\000s\000t\000i\000c\000a\000l\000\040\000M\000o\000d\000e\000l\000i\000n\000g}{chapter.3}% 18
\BOOKMARK [2][-]{subsection.3.7.1}{\376\377\000F\000r\000e\000q\000u\000e\000n\000t\000i\000s\000t}{section.3.7}% 19
\BOOKMARK [2][-]{subsection.3.7.2}{\376\377\000B\000a\000y\000e\000s\000i\000a\000n}{section.3.7}% 20
\BOOKMARK [0][-]{chapter.4}{\376\377\000B\000a\000c\000k\000g\000r\000o\000u\000n\000d\000\040\000o\000n\000\040\000N\000a\000t\000u\000r\000a\000l\000\040\000L\000a\000n\000g\000u\000a\000g\000e\000\040\000P\000r\000o\000c\000e\000s\000s\000i\000n\000g}{}% 21
\BOOKMARK [1][-]{section.4.1}{\376\377\000C\000o\000m\000p\000l\000e\000x\000\040\000M\000o\000d\000e\000l\000s\000\040\000w\000i\000t\000h\000\040\000M\000a\000c\000h\000i\000n\000e\000\040\000L\000e\000a\000r\000n\000i\000n\000g}{chapter.4}% 22
\BOOKMARK [1][-]{section.4.2}{\376\377\000W\000o\000r\000d\000\040\000E\000m\000b\000e\000d\000d\000i\000n\000g\000s}{chapter.4}% 23
\BOOKMARK [1][-]{section.4.3}{\376\377\000N\000L\000P\000\040\000u\000s\000i\000n\000g\000\040\000J\000u\000l\000i\000a}{chapter.4}% 24
\BOOKMARK [0][-]{chapter.5}{\376\377\000M\000e\000t\000h\000o\000d\000o\000l\000o\000g\000y}{}% 25
\BOOKMARK [1][-]{section.5.1}{\376\377\000T\000o\000p\000i\000c\000\040\000M\000o\000d\000e\000l\000i\000n\000g}{chapter.5}% 26
\BOOKMARK [2][-]{subsection.5.1.1}{\376\377\000L\000a\000t\000e\000n\000t\000\040\000D\000i\000r\000i\000c\000h\000l\000e\000t\000\040\000A\000l\000l\000o\000c\000a\000t\000i\000o\000n}{section.5.1}% 27
\BOOKMARK [2][-]{subsection.5.1.2}{\376\377\000L\000a\000r\000g\000e\000\040\000L\000a\000n\000g\000u\000a\000g\000e\000\040\000M\000o\000d\000e\000l\000s}{section.5.1}% 28
\BOOKMARK [1][-]{section.5.2}{\376\377\000R\000e\000t\000r\000i\000e\000v\000a\000l\000-\000A\000u\000g\000m\000e\000n\000t\000e\000d\000\040\000G\000e\000n\000e\000r\000a\000t\000i\000o\000n}{chapter.5}% 29
\BOOKMARK [1][-]{section.5.3}{\376\377\000J\000u\000l\000i\000a\000\040\000C\000o\000d\000e\000\040\000S\000e\000t\000u\000p}{chapter.5}% 30
\BOOKMARK [1][-]{section.5.4}{\376\377\000P\000y\000t\000h\000o\000n\000\040\000C\000o\000d\000e\000\040\000S\000e\000t\000u\000p}{chapter.5}% 31
\BOOKMARK [0][-]{chapter.6}{\376\377\000R\000e\000s\000u\000l\000t\000s\000\040\000a\000n\000d\000\040\000D\000i\000s\000c\000u\000s\000s\000i\000o\000n\000s}{}% 32
\BOOKMARK [1][-]{section.6.1}{\376\377\000D\000e\000s\000c\000r\000i\000p\000t\000i\000v\000e\000\040\000S\000t\000a\000t\000i\000s\000t\000i\000c\000s}{chapter.6}% 33
\BOOKMARK [2][-]{subsection.6.1.1}{\376\377\000V\000e\000r\000s\000e\000s}{section.6.1}% 34
\BOOKMARK [1][-]{section.6.2}{\376\377\000M\000o\000r\000p\000h\000o\000l\000o\000g\000i\000c\000a\000l\000\040\000A\000n\000a\000l\000y\000s\000i\000s}{chapter.6}% 35
\BOOKMARK [1][-]{section.6.3}{\376\377\000S\000t\000r\000u\000c\000t\000u\000r\000a\000l\000\040\000A\000n\000a\000l\000y\000s\000i\000s}{chapter.6}% 36
\BOOKMARK [2][-]{subsection.6.3.1}{\376\377\000C\000o\000n\000c\000e\000n\000t\000r\000i\000c\000\040\000S\000t\000r\000u\000c\000t\000u\000r\000e}{section.6.3}% 37
\BOOKMARK [2][-]{subsection.6.3.2}{\376\377\000M\000a\000t\000h\000e\000m\000a\000t\000i\000c\000a\000l\000\040\000S\000t\000r\000u\000c\000t\000u\000r\000e}{section.6.3}% 38
\BOOKMARK [2][-]{subsection.6.3.3}{\376\377\000D\000i\000s\000c\000u\000s\000s\000i\000o\000n\000s\000\040\000o\000n\000\040\000I\000s\000l\000a\000m\000i\000c\000\040\000P\000h\000i\000l\000o\000s\000o\000p\000h\000y\000\040\000o\000f\000\040\000Q\000u\000r\000'\001\001\000n\000'\000s\000\040\000S\000t\000r\000u\000c\000t\000u\000r\000a\000l\000\040\000A\000n\000a\000l\000y\000s\000i\000s}{section.6.3}% 39
\BOOKMARK [1][-]{section.6.4}{\376\377\000T\000o\000p\000i\000c\000\040\000M\000o\000d\000e\000l\000i\000n\000g}{chapter.6}% 40
\BOOKMARK [2][-]{subsection.6.4.1}{\376\377\000L\000a\000t\000e\000n\000t\000\040\000D\000i\000r\000i\000c\000h\000l\000e\000t\000\040\000A\000l\000l\000o\000c\000a\000t\000i\000o\000n}{section.6.4}% 41
\BOOKMARK [2][-]{subsection.6.4.2}{\376\377\000B\000i\000d\000i\000r\000e\000c\000t\000i\000o\000n\000a\000l\000\040\000E\000n\000c\000o\000d\000e\000r\000\040\000R\000e\000p\000r\000e\000s\000e\000n\000t\000a\000t\000i\000o\000n\000\040\000f\000r\000o\000m\000\040\000T\000r\000a\000n\000s\000f\000o\000r\000m\000e\000r}{section.6.4}% 42
\BOOKMARK [2][-]{subsection.6.4.3}{\376\377\000G\000e\000n\000e\000r\000a\000t\000i\000v\000e\000\040\000P\000r\000e\000-\000T\000r\000a\000i\000n\000e\000d\000\040\000T\000r\000a\000n\000s\000f\000o\000r\000m\000e\000r}{section.6.4}% 43
\BOOKMARK [1][-]{section.6.5}{\376\377\000R\000e\000l\000a\000t\000i\000n\000g\000\040\000t\000o\000\040\000o\000t\000h\000e\000r\000\040\000I\000s\000l\000a\000m\000i\000c\000\040\000T\000e\000x\000t\000s\000\040\000a\000n\000d\000\040\000A\000n\000a\000l\000y\000s\000e\000s}{chapter.6}% 44
\BOOKMARK [2][-]{subsection.6.5.1}{\376\377\000R\000e\000t\000r\000i\000e\000v\000a\000l\000-\000A\000u\000g\000m\000e\000n\000t\000e\000d\000\040\000G\000e\000n\000e\000r\000a\000t\000i\000o\000n\000\040\000A\000p\000p\000r\000o\000a\000c\000h}{section.6.5}% 45
\BOOKMARK [1][-]{section.6.6}{\376\377\000L\000i\000m\000i\000t\000a\000t\000i\000o\000n\000s\000\040\000o\000f\000\040\000t\000h\000e\000\040\000M\000o\000d\000e\000l\000s}{chapter.6}% 46
\BOOKMARK [1][-]{section.6.6}{\376\377\000R\000e\000f\000e\000r\000e\000n\000c\000e\000s}{chapter.6}% 47
